"D:/WorkSpace/BatteryCollector/Content/Blueprints/BatteryHUD.uasset" 0
"D:/WorkSpace/BatteryCollector/Content/Blueprints/BatteryHUD.uexp" 1
"D:/WorkSpace/BatteryCollector/Content/Blueprints/GameMode_BP.uasset" 2
"D:/WorkSpace/BatteryCollector/Content/Blueprints/GameMode_BP.uexp" 3
"D:/WorkSpace/BatteryCollector/Content/Geometry/Meshes/CubeMaterial.uasset" 4
"D:/WorkSpace/BatteryCollector/Content/Geometry/Meshes/CubeMaterial.uexp" 5
"D:/WorkSpace/BatteryCollector/Content/Geometry/Meshes/1M_Cube.uasset" 6
"D:/WorkSpace/BatteryCollector/Content/Geometry/Meshes/1M_Cube.uexp" 7
"D:/WorkSpace/BatteryCollector/Content/Blueprints/Pickup_BP.uasset" 8
"D:/WorkSpace/BatteryCollector/Content/Blueprints/Pickup_BP.uexp" 9
"D:/WorkSpace/BatteryCollector/Content/Mannequin/Character/Mesh/UE4_Mannequin_Skeleton.uasset" 10
"D:/WorkSpace/BatteryCollector/Content/Mannequin/Character/Mesh/UE4_Mannequin_Skeleton.uexp" 11
"D:/WorkSpace/BatteryCollector/Content/Mannequin/Animations/ThirdPersonJump_End.uasset" 12
"D:/WorkSpace/BatteryCollector/Content/Mannequin/Animations/ThirdPersonJump_End.uexp" 13
"D:/WorkSpace/BatteryCollector/Content/Mannequin/Character/Mesh/SK_Mannequin_Female_PhysicsAsset.uasset" 14
"D:/WorkSpace/BatteryCollector/Content/Mannequin/Character/Mesh/SK_Mannequin_Female_PhysicsAsset.uexp" 15
"D:/WorkSpace/BatteryCollector/Content/Mannequin/Character/Textures/T_UE4Logo_N.uasset" 16
"D:/WorkSpace/BatteryCollector/Content/Mannequin/Character/Textures/T_UE4Logo_N.uexp" 17
"D:/WorkSpace/BatteryCollector/Content/Mannequin/Character/Textures/T_UE4Logo_N.ubulk" 18
"D:/WorkSpace/BatteryCollector/Content/Mannequin/Character/Textures/T_UE4Logo_Mask.uasset" 19
"D:/WorkSpace/BatteryCollector/Content/Mannequin/Character/Textures/T_UE4Logo_Mask.uexp" 20
"D:/WorkSpace/BatteryCollector/Content/Mannequin/Character/Textures/T_UE4Logo_Mask.ubulk" 21
"D:/WorkSpace/BatteryCollector/Content/Mannequin/Character/Textures/T_Male_N.uasset" 22
"D:/WorkSpace/BatteryCollector/Content/Mannequin/Character/Textures/T_Male_N.uexp" 23
"D:/WorkSpace/BatteryCollector/Content/Mannequin/Character/Textures/T_Male_N.ubulk" 24
"D:/WorkSpace/BatteryCollector/Content/Mannequin/Character/Textures/T_Male_Mask.uasset" 25
"D:/WorkSpace/BatteryCollector/Content/Mannequin/Character/Textures/T_Male_Mask.uexp" 26
"D:/WorkSpace/BatteryCollector/Content/Mannequin/Character/Textures/T_Male_Mask.ubulk" 27
"D:/WorkSpace/BatteryCollector/Content/Mannequin/Character/Materials/MaterialLayers/T_ML_Rubber_Blue_01_N.uasset" 28
"D:/WorkSpace/BatteryCollector/Content/Mannequin/Character/Materials/MaterialLayers/T_ML_Rubber_Blue_01_N.uexp" 29
"D:/WorkSpace/BatteryCollector/Content/Mannequin/Character/Materials/MaterialLayers/T_ML_Rubber_Blue_01_N.ubulk" 30
"D:/WorkSpace/BatteryCollector/Content/Mannequin/Character/Materials/MaterialLayers/T_ML_Rubber_Blue_01_D.uasset" 31
"D:/WorkSpace/BatteryCollector/Content/Mannequin/Character/Materials/MaterialLayers/T_ML_Rubber_Blue_01_D.uexp" 32
"D:/WorkSpace/BatteryCollector/Content/Mannequin/Character/Materials/MaterialLayers/T_ML_Rubber_Blue_01_D.ubulk" 33
"D:/WorkSpace/BatteryCollector/Content/Mannequin/Character/Materials/MaterialLayers/T_ML_Aluminum01_N.uasset" 34
"D:/WorkSpace/BatteryCollector/Content/Mannequin/Character/Materials/MaterialLayers/T_ML_Aluminum01_N.uexp" 35
"D:/WorkSpace/BatteryCollector/Content/Mannequin/Character/Materials/MaterialLayers/T_ML_Aluminum01_N.ubulk" 36
"D:/WorkSpace/BatteryCollector/Content/Mannequin/Character/Materials/MaterialLayers/T_ML_Aluminum01.uasset" 37
"D:/WorkSpace/BatteryCollector/Content/Mannequin/Character/Materials/MaterialLayers/T_ML_Aluminum01.uexp" 38
"D:/WorkSpace/BatteryCollector/Content/Mannequin/Character/Materials/MaterialLayers/T_ML_Aluminum01.ubulk" 39
"D:/WorkSpace/BatteryCollector/Content/Mannequin/Character/Materials/MaterialLayers/ML_SoftMetal_UE4.uasset" 40
"D:/WorkSpace/BatteryCollector/Content/Mannequin/Character/Materials/MaterialLayers/ML_SoftMetal_UE4.uexp" 41
"D:/WorkSpace/BatteryCollector/Content/Mannequin/Character/Materials/MaterialLayers/ML_Plastic_Shiny_Beige_LOGO.uasset" 42
"D:/WorkSpace/BatteryCollector/Content/Mannequin/Character/Materials/MaterialLayers/ML_Plastic_Shiny_Beige_LOGO.uexp" 43
"D:/WorkSpace/BatteryCollector/Content/Mannequin/Character/Materials/MaterialLayers/ML_Plastic_Shiny_Beige.uasset" 44
"D:/WorkSpace/BatteryCollector/Content/Mannequin/Character/Materials/MaterialLayers/ML_Plastic_Shiny_Beige.uexp" 45
"D:/WorkSpace/BatteryCollector/Content/Mannequin/Character/Materials/MaterialLayers/ML_GlossyBlack_Latex_UE4.uasset" 46
"D:/WorkSpace/BatteryCollector/Content/Mannequin/Character/Materials/MaterialLayers/ML_GlossyBlack_Latex_UE4.uexp" 47
"../../../Engine/Content/Functions/MaterialLayerFunctions/MatLayerBlend_Simple.uasset" 48
"../../../Engine/Content/Functions/MaterialLayerFunctions/MatLayerBlend_Simple.uexp" 49
"../../../Engine/Content/Functions/Engine_MaterialFunctions02/Utility/BlendAngleCorrectedNormals.uasset" 50
"../../../Engine/Content/Functions/Engine_MaterialFunctions02/Utility/BlendAngleCorrectedNormals.uexp" 51
"../../../Engine/Content/Functions/MaterialLayerFunctions/MatLayerBlend_NormalBlend.uasset" 52
"../../../Engine/Content/Functions/MaterialLayerFunctions/MatLayerBlend_NormalBlend.uexp" 53
"D:/WorkSpace/BatteryCollector/Content/Mannequin/Character/Materials/M_Male_Body.uasset" 54
"D:/WorkSpace/BatteryCollector/Content/Mannequin/Character/Materials/M_Male_Body.uexp" 55
"D:/WorkSpace/BatteryCollector/Content/Mannequin/Character/Materials/M_UE4Man_ChestLogo.uasset" 56
"D:/WorkSpace/BatteryCollector/Content/Mannequin/Character/Materials/M_UE4Man_ChestLogo.uexp" 57
"D:/WorkSpace/BatteryCollector/Content/Mannequin/Character/Textures/T_Female_N.uasset" 58
"D:/WorkSpace/BatteryCollector/Content/Mannequin/Character/Textures/T_Female_N.uexp" 59
"D:/WorkSpace/BatteryCollector/Content/Mannequin/Character/Textures/T_Female_N.ubulk" 60
"D:/WorkSpace/BatteryCollector/Content/Mannequin/Character/Textures/T_Female_Mask.uasset" 61
"D:/WorkSpace/BatteryCollector/Content/Mannequin/Character/Textures/T_Female_Mask.uexp" 62
"D:/WorkSpace/BatteryCollector/Content/Mannequin/Character/Textures/T_Female_Mask.ubulk" 63
"D:/WorkSpace/BatteryCollector/Content/Mannequin/Character/Materials/MI_Female_Body.uasset" 64
"D:/WorkSpace/BatteryCollector/Content/Mannequin/Character/Materials/MI_Female_Body.uexp" 65
"D:/WorkSpace/BatteryCollector/Content/Mannequin/Character/Mesh/SK_Mannequin_Female.uasset" 66
"D:/WorkSpace/BatteryCollector/Content/Mannequin/Character/Mesh/SK_Mannequin_Female.uexp" 67
"../../../Engine/Content/Animation/DefaultAnimBoneCompressionSettings.uasset" 68
"../../../Engine/Content/Animation/DefaultAnimBoneCompressionSettings.uexp" 69
"../../../Engine/Content/Animation/DefaultAnimCurveCompressionSettings.uasset" 70
"../../../Engine/Content/Animation/DefaultAnimCurveCompressionSettings.uexp" 71
"../../../Engine/Content/Functions/Engine_MaterialFunctions01/Opacity/CameraDepthFade.uasset" 72
"../../../Engine/Content/Functions/Engine_MaterialFunctions01/Opacity/CameraDepthFade.uexp" 73
"../../../Engine/Content/EngineMaterials/T_Default_Material_Grid_N.uasset" 74
"../../../Engine/Content/EngineMaterials/T_Default_Material_Grid_N.uexp" 75
"../../../Engine/Content/EngineMaterials/T_Default_Material_Grid_N.ubulk" 76
"../../../Engine/Content/EngineMaterials/T_Default_Material_Grid_M.uasset" 77
"../../../Engine/Content/EngineMaterials/T_Default_Material_Grid_M.uexp" 78
"../../../Engine/Content/EngineMaterials/T_Default_Material_Grid_M.ubulk" 79
"../../../Engine/Content/EngineMaterials/WorldGridMaterial.uasset" 80
"../../../Engine/Content/EngineMaterials/WorldGridMaterial.uexp" 81
"../../../Engine/Content/ArtTools/RenderToTexture/Meshes/S_1_Unit_Plane.uasset" 82
"../../../Engine/Content/ArtTools/RenderToTexture/Meshes/S_1_Unit_Plane.uexp" 83
"../../../Engine/Content/EngineMaterials/DefaultMaterial.uasset" 84
"../../../Engine/Content/EngineMaterials/DefaultMaterial.uexp" 85
"../../../Engine/Content/BasicShapes/Cone.uasset" 86
"../../../Engine/Content/BasicShapes/Cone.uexp" 87
"../../../Engine/Content/BasicShapes/Cube.uasset" 88
"../../../Engine/Content/BasicShapes/Cube.uexp" 89
"../../../Engine/Content/BasicShapes/Plane.uasset" 90
"../../../Engine/Content/BasicShapes/Plane.uexp" 91
"../../../Engine/Content/BasicShapes/Sphere.uasset" 92
"../../../Engine/Content/BasicShapes/Sphere.uexp" 93
"../../../Engine/Content/EditorLandscapeResources/DataLayer.uasset" 94
"../../../Engine/Content/EditorLandscapeResources/DataLayer.uexp" 95
"../../../Engine/Content/EditorLandscapeResources/DefaultAlphaTexture.uasset" 96
"../../../Engine/Content/EditorLandscapeResources/DefaultAlphaTexture.uexp" 97
"../../../Engine/Content/EditorMaterials/MAT_Groups_Toggle.uasset" 98
"../../../Engine/Content/EditorMaterials/MAT_Groups_Toggle.uexp" 99
"../../../Engine/Content/EditorMaterials/MAT_Groups_Visibility.uasset" 100
"../../../Engine/Content/EditorMaterials/MAT_Groups_Visibility.uexp" 101
"../../../Engine/Content/EditorMaterials/PreviewShadowIndicator.uasset" 102
"../../../Engine/Content/EditorMaterials/PreviewShadowIndicator.uexp" 103
"../../../Engine/Content/EditorMaterials/PreviewShadowIndicator.ubulk" 104
"../../../Engine/Content/EditorMaterials/PreviewShadowIndicatorMaterial.uasset" 105
"../../../Engine/Content/EditorMaterials/PreviewShadowIndicatorMaterial.uexp" 106
"../../../Engine/Content/EditorMaterials/MatineeGroups/MAT_ColorTrack.uasset" 107
"../../../Engine/Content/EditorMaterials/MatineeGroups/MAT_ColorTrack.uexp" 108
"../../../Engine/Content/EditorMaterials/MatineeGroups/MAT_Groups_Anim.uasset" 109
"../../../Engine/Content/EditorMaterials/MatineeGroups/MAT_Groups_Anim.uexp" 110
"../../../Engine/Content/EditorMaterials/MatineeGroups/MAT_Groups_AudioMaster.uasset" 111
"../../../Engine/Content/EditorMaterials/MatineeGroups/MAT_Groups_AudioMaster.uexp" 112
"../../../Engine/Content/EditorMaterials/MatineeGroups/MAT_Groups_Director.uasset" 113
"../../../Engine/Content/EditorMaterials/MatineeGroups/MAT_Groups_Director.uexp" 114
"../../../Engine/Content/EditorMaterials/MatineeGroups/MAT_Groups_Event.uasset" 115
"../../../Engine/Content/EditorMaterials/MatineeGroups/MAT_Groups_Event.uexp" 116
"../../../Engine/Content/EditorMaterials/MatineeGroups/MAT_Groups_Fade.uasset" 117
"../../../Engine/Content/EditorMaterials/MatineeGroups/MAT_Groups_Fade.uexp" 118
"../../../Engine/Content/EditorMaterials/MatineeGroups/MAT_Groups_Float.uasset" 119
"../../../Engine/Content/EditorMaterials/MatineeGroups/MAT_Groups_Float.uexp" 120
"../../../Engine/Content/EditorMaterials/MatineeGroups/MAT_Groups_Move.uasset" 121
"../../../Engine/Content/EditorMaterials/MatineeGroups/MAT_Groups_Move.uexp" 122
"../../../Engine/Content/EditorMaterials/MatineeGroups/MAT_Groups_Slomo.uasset" 123
"../../../Engine/Content/EditorMaterials/MatineeGroups/MAT_Groups_Slomo.uexp" 124
"../../../Engine/Content/EditorMaterials/MatineeGroups/MAT_Groups_Sound.uasset" 125
"../../../Engine/Content/EditorMaterials/MatineeGroups/MAT_Groups_Sound.uexp" 126
"../../../Engine/Content/EditorMaterials/MatineeGroups/MAT_Groups_Vector.uasset" 127
"../../../Engine/Content/EditorMaterials/MatineeGroups/MAT_Groups_Vector.uexp" 128
"../../../Engine/Content/EditorMaterials/ParticleSystems/PSysThumbnail_NoImage.uasset" 129
"../../../Engine/Content/EditorMaterials/ParticleSystems/PSysThumbnail_NoImage.uexp" 130
"../../../Engine/Content/EditorMaterials/ParticleSystems/PSysThumbnail_NoImage.ubulk" 131
"../../../Engine/Content/EditorMaterials/ParticleSystems/PSysThumbnail_OOD.uasset" 132
"../../../Engine/Content/EditorMaterials/ParticleSystems/PSysThumbnail_OOD.uexp" 133
"../../../Engine/Content/EditorMaterials/ParticleSystems/PSysThumbnail_OOD.ubulk" 134
"../../../Engine/Content/EditorMaterials/Camera/CineMat.uasset" 135
"../../../Engine/Content/EditorMaterials/Camera/CineMat.uexp" 136
"../../../Engine/Content/EditorMaterials/Camera/MI_CineMat_Rig.uasset" 137
"../../../Engine/Content/EditorMaterials/Camera/MI_CineMat_Rig.uexp" 138
"../../../Engine/Content/EditorMeshes/Camera/SM_CraneRig_Arm.uasset" 139
"../../../Engine/Content/EditorMeshes/Camera/SM_CraneRig_Arm.uexp" 140
"../../../Engine/Content/EditorMeshes/Camera/SM_CraneRig_Base.uasset" 141
"../../../Engine/Content/EditorMeshes/Camera/SM_CraneRig_Base.uexp" 142
"../../../Engine/Content/EditorMeshes/Camera/SM_CraneRig_Body.uasset" 143
"../../../Engine/Content/EditorMeshes/Camera/SM_CraneRig_Body.uexp" 144
"../../../Engine/Content/EditorMeshes/Camera/SM_CraneRig_Mount.uasset" 145
"../../../Engine/Content/EditorMeshes/Camera/SM_CraneRig_Mount.uexp" 146
"../../../Engine/Content/EditorMeshes/Camera/SM_RailRig_Mount.uasset" 147
"../../../Engine/Content/EditorMeshes/Camera/SM_RailRig_Mount.uexp" 148
"../../../Engine/Content/EditorMeshes/Camera/SM_RailRig_Track.uasset" 149
"../../../Engine/Content/EditorMeshes/Camera/SM_RailRig_Track.uexp" 150
"../../../Engine/Content/EditorResources/BSPVertex.uasset" 151
"../../../Engine/Content/EditorResources/BSPVertex.uexp" 152
"../../../Engine/Content/EditorResources/EmptyActor.uasset" 153
"../../../Engine/Content/EditorResources/EmptyActor.uexp" 154
"../../../Engine/Content/EditorResources/S_Actor.uasset" 155
"../../../Engine/Content/EditorResources/S_Actor.uexp" 156
"../../../Engine/Content/EditorResources/S_Actor.ubulk" 157
"../../../Engine/Content/EditorResources/S_Note.uasset" 158
"../../../Engine/Content/EditorResources/S_Note.uexp" 159
"../../../Engine/Content/EditorResources/S_Note.ubulk" 160
"../../../Engine/Content/EditorResources/S_Solver.uasset" 161
"../../../Engine/Content/EditorResources/S_Solver.uexp" 162
"../../../Engine/Content/EditorResources/S_Solver.ubulk" 163
"../../../Engine/Content/EditorResources/S_Terrain.uasset" 164
"../../../Engine/Content/EditorResources/S_Terrain.uexp" 165
"../../../Engine/Content/EditorResources/S_Terrain.ubulk" 166
"../../../Engine/Content/EditorResources/S_Trigger.uasset" 167
"../../../Engine/Content/EditorResources/S_Trigger.uexp" 168
"../../../Engine/Content/EditorResources/S_Trigger.ubulk" 169
"../../../Engine/Content/EditorResources/LightIcons/S_LightError.uasset" 170
"../../../Engine/Content/EditorResources/LightIcons/S_LightError.uexp" 171
"../../../Engine/Content/EditorResources/SequenceRecorder/Countdown.uasset" 172
"../../../Engine/Content/EditorResources/SequenceRecorder/Countdown.uexp" 173
"../../../Engine/Content/EditorResources/SequenceRecorder/RecordingIndicator.uasset" 174
"../../../Engine/Content/EditorResources/SequenceRecorder/RecordingIndicator.uexp" 175
"../../../Engine/Content/EngineDamageTypes/DmgTypeBP_Environmental.uasset" 176
"../../../Engine/Content/EngineDamageTypes/DmgTypeBP_Environmental.uexp" 177
"../../../Engine/Content/EngineDebugMaterials/DebugEditorMaterial.uasset" 178
"../../../Engine/Content/EngineDebugMaterials/DebugEditorMaterial.uexp" 179
"../../../Engine/Content/EngineDebugMaterials/DebugMeshMaterial.uasset" 180
"../../../Engine/Content/EngineDebugMaterials/DebugMeshMaterial.uexp" 181
"../../../Engine/Content/EngineDebugMaterials/M_SimpleUnlitTranslucent.uasset" 182
"../../../Engine/Content/EngineDebugMaterials/M_SimpleUnlitTranslucent.uexp" 183
"../../../Engine/Content/EngineDebugMaterials/VolumeToRender.uasset" 184
"../../../Engine/Content/EngineDebugMaterials/VolumeToRender.uexp" 185
"../../../Engine/Content/Functions/Engine_MaterialFunctions02/Utility/CameraDirectionVector.uasset" 186
"../../../Engine/Content/Functions/Engine_MaterialFunctions02/Utility/CameraDirectionVector.uexp" 187
"../../../Engine/Content/EngineDebugMaterials/M_VolumeRenderSphereTracePP.uasset" 188
"../../../Engine/Content/EngineDebugMaterials/M_VolumeRenderSphereTracePP.uexp" 189
"../../../Engine/Content/Functions/Engine_MaterialFunctions01/Shading/ConvertFromDiffSpec.uasset" 190
"../../../Engine/Content/Functions/Engine_MaterialFunctions01/Shading/ConvertFromDiffSpec.uexp" 191
"../../../Engine/Content/EngineDebugMaterials/VertexColorMaterial.uasset" 192
"../../../Engine/Content/EngineDebugMaterials/VertexColorMaterial.uexp" 193
"../../../Engine/Content/EngineDebugMaterials/WireframeMaterial.uasset" 194
"../../../Engine/Content/EngineDebugMaterials/WireframeMaterial.uexp" 195
"../../../Engine/Content/EngineFonts/Faces/RobotoLight.uasset" 196
"../../../Engine/Content/EngineFonts/Faces/RobotoLight.uexp" 197
"../../../Engine/Content/EngineFonts/Faces/RobotoLight.ufont" 198
"../../../Engine/Content/EngineFonts/Faces/RobotoItalic.uasset" 199
"../../../Engine/Content/EngineFonts/Faces/RobotoItalic.uexp" 200
"../../../Engine/Content/EngineFonts/Faces/RobotoItalic.ufont" 201
"../../../Engine/Content/EngineFonts/Faces/RobotoBoldItalic.uasset" 202
"../../../Engine/Content/EngineFonts/Faces/RobotoBoldItalic.uexp" 203
"../../../Engine/Content/EngineFonts/Faces/RobotoBoldItalic.ufont" 204
"../../../Engine/Content/EngineFonts/Faces/RobotoBold.uasset" 205
"../../../Engine/Content/EngineFonts/Faces/RobotoBold.uexp" 206
"../../../Engine/Content/EngineFonts/Faces/RobotoBold.ufont" 207
"../../../Engine/Content/EngineFonts/Faces/DroidSansFallback.uasset" 208
"../../../Engine/Content/EngineFonts/Faces/DroidSansFallback.uexp" 209
"../../../Engine/Content/EngineFonts/Faces/DroidSansFallback.ufont" 210
"../../../Engine/Content/EngineFonts/Faces/RobotoRegular.uasset" 211
"../../../Engine/Content/EngineFonts/Faces/RobotoRegular.uexp" 212
"../../../Engine/Content/EngineFonts/Faces/RobotoRegular.ufont" 213
"../../../Engine/Content/EngineFonts/Roboto.uasset" 214
"../../../Engine/Content/EngineFonts/Roboto.uexp" 215
"../../../Engine/Content/EngineMaterials/BaseFlattenNormalMap.uasset" 216
"../../../Engine/Content/EngineMaterials/BaseFlattenNormalMap.uexp" 217
"../../../Engine/Content/EngineMaterials/BaseFlattenGrayscaleMap.uasset" 218
"../../../Engine/Content/EngineMaterials/BaseFlattenGrayscaleMap.uexp" 219
"../../../Engine/Content/EngineMaterials/BaseFlattenEmissiveMap.uasset" 220
"../../../Engine/Content/EngineMaterials/BaseFlattenEmissiveMap.uexp" 221
"../../../Engine/Content/EngineMaterials/BaseFlattenDiffuseMap.uasset" 222
"../../../Engine/Content/EngineMaterials/BaseFlattenDiffuseMap.uexp" 223
"../../../Engine/Content/EngineMaterials/BaseFlattenMaterial.uasset" 224
"../../../Engine/Content/EngineMaterials/BaseFlattenMaterial.uexp" 225
"../../../Engine/Content/EngineMaterials/BlueNoise.uasset" 226
"../../../Engine/Content/EngineMaterials/BlueNoise.uexp" 227
"../../../Engine/Content/EngineMaterials/DefaultBloomKernel.uasset" 228
"../../../Engine/Content/EngineMaterials/DefaultBloomKernel.uexp" 229
"../../../Engine/Content/EngineMaterials/DefaultBokeh.uasset" 230
"../../../Engine/Content/EngineMaterials/DefaultBokeh.uexp" 231
"../../../Engine/Content/EngineMaterials/DefaultDiffuse.uasset" 232
"../../../Engine/Content/EngineMaterials/DefaultDiffuse.uexp" 233
"../../../Engine/Content/EngineMaterials/DefaultDiffuse.ubulk" 234
"../../../Engine/Content/EngineMaterials/DefaultDeferredDecalMaterial.uasset" 235
"../../../Engine/Content/EngineMaterials/DefaultDeferredDecalMaterial.uexp" 236
"../../../Engine/Content/EngineMaterials/DefaultLightFunctionMaterial.uasset" 237
"../../../Engine/Content/EngineMaterials/DefaultLightFunctionMaterial.uexp" 238
"../../../Engine/Content/EngineMaterials/DefaultPhysicalMaterial.uasset" 239
"../../../Engine/Content/EngineMaterials/DefaultPhysicalMaterial.uexp" 240
"../../../Engine/Content/Functions/Engine_MaterialFunctions02/Utility/BreakOutFloat2Components.uasset" 241
"../../../Engine/Content/Functions/Engine_MaterialFunctions02/Utility/BreakOutFloat2Components.uexp" 242
"../../../Engine/Content/EngineMaterials/DefaultPostProcessMaterial.uasset" 243
"../../../Engine/Content/EngineMaterials/DefaultPostProcessMaterial.uexp" 244
"../../../Engine/Content/EngineFonts/RobotoDistanceField.uasset" 245
"../../../Engine/Content/EngineFonts/RobotoDistanceField.uexp" 246
"../../../Engine/Content/EngineMaterials/DefaultTextMaterialOpaque.uasset" 247
"../../../Engine/Content/EngineMaterials/DefaultTextMaterialOpaque.uexp" 248
"../../../Engine/Content/EngineMaterials/DefaultWhiteGrid.uasset" 249
"../../../Engine/Content/EngineMaterials/DefaultWhiteGrid.uexp" 250
"../../../Engine/Content/EngineMaterials/DefaultWhiteGrid.ubulk" 251
"../../../Engine/Content/EngineMaterials/DefaultWhiteGrid_Low.uasset" 252
"../../../Engine/Content/EngineMaterials/DefaultWhiteGrid_Low.uexp" 253
"../../../Engine/Content/EngineMaterials/EmissiveMeshMaterial.uasset" 254
"../../../Engine/Content/EngineMaterials/EmissiveMeshMaterial.uexp" 255
"../../../Engine/Content/EngineMaterials/GizmoMaterial.uasset" 256
"../../../Engine/Content/EngineMaterials/GizmoMaterial.uexp" 257
"../../../Engine/Content/EngineMaterials/Good64x64TilingNoiseHighFreq.uasset" 258
"../../../Engine/Content/EngineMaterials/Good64x64TilingNoiseHighFreq.uexp" 259
"../../../Engine/Content/EngineMaterials/MiniFont.uasset" 260
"../../../Engine/Content/EngineMaterials/MiniFont.uexp" 261
"../../../Engine/Content/EngineMaterials/InvalidLightmapSettings.uasset" 262
"../../../Engine/Content/EngineMaterials/InvalidLightmapSettings.uexp" 263
"../../../Engine/Content/EngineMaterials/InvalidLightmapSettings.ubulk" 264
"../../../Engine/Content/EngineMaterials/M_InvalidLightmapSettings.uasset" 265
"../../../Engine/Content/EngineMaterials/M_InvalidLightmapSettings.uexp" 266
"../../../Engine/Content/Functions/Engine_MaterialFunctions02/WorldPositionOffset/CameraOffset.uasset" 267
"../../../Engine/Content/Functions/Engine_MaterialFunctions02/WorldPositionOffset/CameraOffset.uexp" 268
"../../../Engine/Content/EngineMaterials/PhAT_JointLimitMaterial.uasset" 269
"../../../Engine/Content/EngineMaterials/PhAT_JointLimitMaterial.uexp" 270
"../../../Engine/Content/EngineMaterials/DefaultCalibrationColor.uasset" 271
"../../../Engine/Content/EngineMaterials/DefaultCalibrationColor.uexp" 272
"../../../Engine/Content/EngineMaterials/PPM_DefaultCalibrationColor.uasset" 273
"../../../Engine/Content/EngineMaterials/PPM_DefaultCalibrationColor.uexp" 274
"../../../Engine/Content/EngineMaterials/DefaultCalibrationGrayscale.uasset" 275
"../../../Engine/Content/EngineMaterials/DefaultCalibrationGrayscale.uexp" 276
"../../../Engine/Content/EngineMaterials/PPM_DefaultCalibrationGrayscale.uasset" 277
"../../../Engine/Content/EngineMaterials/PPM_DefaultCalibrationGrayscale.uexp" 278
"../../../Engine/Content/EngineMaterials/PreintegratedSkinBRDF.uasset" 279
"../../../Engine/Content/EngineMaterials/PreintegratedSkinBRDF.uexp" 280
"../../../Engine/Content/EngineMaterials/RemoveSurfaceMaterial.uasset" 281
"../../../Engine/Content/EngineMaterials/RemoveSurfaceMaterial.uexp" 282
"../../../Engine/Content/EngineMaterials/WeightMapPlaceholderTexture.uasset" 283
"../../../Engine/Content/EngineMaterials/WeightMapPlaceholderTexture.uexp" 284
"../../../Engine/Content/EngineResources/WhiteSquareTexture.uasset" 285
"../../../Engine/Content/EngineResources/WhiteSquareTexture.uexp" 286
"../../../Engine/Content/EngineMaterials/Widget3DPassThrough.uasset" 287
"../../../Engine/Content/EngineMaterials/Widget3DPassThrough.uexp" 288
"../../../Engine/Content/EngineMaterials/Widget3DPassThrough_Masked.uasset" 289
"../../../Engine/Content/EngineMaterials/Widget3DPassThrough_Masked.uexp" 290
"../../../Engine/Content/EngineMaterials/Widget3DPassThrough_Opaque.uasset" 291
"../../../Engine/Content/EngineMaterials/Widget3DPassThrough_Opaque.uexp" 292
"../../../Engine/Content/EngineMaterials/Widget3DPassThrough_Masked_OneSided.uasset" 293
"../../../Engine/Content/EngineMaterials/Widget3DPassThrough_Masked_OneSided.uexp" 294
"../../../Engine/Content/EngineMaterials/Widget3DPassThrough_Opaque_OneSided.uasset" 295
"../../../Engine/Content/EngineMaterials/Widget3DPassThrough_Opaque_OneSided.uexp" 296
"../../../Engine/Content/EngineMaterials/Widget3DPassThrough_Translucent.uasset" 297
"../../../Engine/Content/EngineMaterials/Widget3DPassThrough_Translucent.uexp" 298
"../../../Engine/Content/EngineMaterials/Widget3DPassThrough_Translucent_OneSided.uasset" 299
"../../../Engine/Content/EngineMaterials/Widget3DPassThrough_Translucent_OneSided.uexp" 300
"../../../Engine/Content/EngineMeshes/Cylinder.uasset" 301
"../../../Engine/Content/EngineMeshes/Cylinder.uexp" 302
"../../../Engine/Content/EngineMeshes/Sphere.uasset" 303
"../../../Engine/Content/EngineMeshes/Sphere.uexp" 304
"../../../Engine/Content/EngineResources/DefaultTexture.uasset" 305
"../../../Engine/Content/EngineResources/DefaultTexture.uexp" 306
"../../../Engine/Content/EngineResources/DefaultTexture.ubulk" 307
"../../../Engine/Content/EngineResources/DefaultTextureCube.uasset" 308
"../../../Engine/Content/EngineResources/DefaultTextureCube.uexp" 309
"../../../Engine/Content/EngineResources/DefaultVolumeTexture2D.uasset" 310
"../../../Engine/Content/EngineResources/DefaultVolumeTexture2D.uexp" 311
"../../../Engine/Content/EngineResources/DefaultVolumeTexture.uasset" 312
"../../../Engine/Content/EngineResources/DefaultVolumeTexture.uexp" 313
"../../../Engine/Content/EngineResources/GradientTexture0.uasset" 314
"../../../Engine/Content/EngineResources/GradientTexture0.uexp" 315
"../../../Engine/Content/EngineSky/VolumetricClouds/T_NoiseShape64.uasset" 316
"../../../Engine/Content/EngineSky/VolumetricClouds/T_NoiseShape64.uexp" 317
"../../../Engine/Content/EngineSky/VolumetricClouds/T_NoiseShape64.ubulk" 318
"../../../Engine/Content/EngineSky/VolumetricClouds/T_VolumeNoiseShape64.uasset" 319
"../../../Engine/Content/EngineSky/VolumetricClouds/T_VolumeNoiseShape64.uexp" 320
"../../../Engine/Content/EngineSky/VolumetricClouds/T_NoiseErosion.uasset" 321
"../../../Engine/Content/EngineSky/VolumetricClouds/T_NoiseErosion.uexp" 322
"../../../Engine/Content/EngineSky/VolumetricClouds/T_NoiseErosion.ubulk" 323
"../../../Engine/Content/EngineSky/VolumetricClouds/T_VolumeNoiseErosion32.uasset" 324
"../../../Engine/Content/EngineSky/VolumetricClouds/T_VolumeNoiseErosion32.uexp" 325
"../../../Engine/Content/EngineSky/VolumetricClouds/CloudWeatherTexture.uasset" 326
"../../../Engine/Content/EngineSky/VolumetricClouds/CloudWeatherTexture.uexp" 327
"../../../Engine/Content/EngineSky/VolumetricClouds/CloudGradientTexture.uasset" 328
"../../../Engine/Content/EngineSky/VolumetricClouds/CloudGradientTexture.uexp" 329
"../../../Engine/Content/Functions/Engine_MaterialFunctions02/Utility/MakeFloat2.uasset" 330
"../../../Engine/Content/Functions/Engine_MaterialFunctions02/Utility/MakeFloat2.uexp" 331
"../../../Engine/Content/EngineSky/VolumetricClouds/m_SimpleVolumetricCloud.uasset" 332
"../../../Engine/Content/EngineSky/VolumetricClouds/m_SimpleVolumetricCloud.uexp" 333
"../../../Engine/Content/EngineSky/VolumetricClouds/m_SimpleVolumetricCloud_Inst.uasset" 334
"../../../Engine/Content/EngineSky/VolumetricClouds/m_SimpleVolumetricCloud_Inst.uexp" 335
"../../../Engine/Content/EngineSounds/Master.uasset" 336
"../../../Engine/Content/EngineSounds/Master.uexp" 337
"../../../Engine/Content/Functions/Engine_MaterialFunctions01/Shading/PowerToRoughness.uasset" 338
"../../../Engine/Content/Functions/Engine_MaterialFunctions01/Shading/PowerToRoughness.uexp" 339
"../../../Engine/Content/Maps/Templates/Thumbnails/Default.uasset" 340
"../../../Engine/Content/Maps/Templates/Thumbnails/Default.uexp" 341
"../../../Engine/Content/Maps/Templates/Thumbnails/TimeOfDay.uasset" 342
"../../../Engine/Content/Maps/Templates/Thumbnails/TimeOfDay.uexp" 343
"../../../Engine/Content/Maps/Templates/Thumbnails/VR-Basic.uasset" 344
"../../../Engine/Content/Maps/Templates/Thumbnails/VR-Basic.uexp" 345
"../../../Engine/Content/MobileResources/T_MobileControls_texture.uasset" 346
"../../../Engine/Content/MobileResources/T_MobileControls_texture.uexp" 347
"../../../Engine/Content/MobileResources/T_MobileMenu2.uasset" 348
"../../../Engine/Content/MobileResources/T_MobileMenu2.uexp" 349
"../../../Engine/Content/MobileResources/HUD/AnalogHat.uasset" 350
"../../../Engine/Content/MobileResources/HUD/AnalogHat.uexp" 351
"../../../Engine/Content/MobileResources/HUD/VirtualJoystick_Thumb.uasset" 352
"../../../Engine/Content/MobileResources/HUD/VirtualJoystick_Thumb.uexp" 353
"../../../Engine/Content/MobileResources/HUD/VirtualJoystick_Background.uasset" 354
"../../../Engine/Content/MobileResources/HUD/VirtualJoystick_Background.uexp" 355
"../../../Engine/Content/MobileResources/HUD/DefaultVirtualJoysticks.uasset" 356
"../../../Engine/Content/MobileResources/HUD/DefaultVirtualJoysticks.uexp" 357
"../../../Engine/Content/MobileResources/HUD/LeftVirtualJoystickOnly.uasset" 358
"../../../Engine/Content/MobileResources/HUD/LeftVirtualJoystickOnly.uexp" 359
"../../../Engine/Content/MobileResources/HUD/MobileHUDButton1_off.uasset" 360
"../../../Engine/Content/MobileResources/HUD/MobileHUDButton1_off.uexp" 361
"../../../Engine/Content/MobileResources/HUD/MobileHUDButton1_on.uasset" 362
"../../../Engine/Content/MobileResources/HUD/MobileHUDButton1_on.uexp" 363
"../../../Engine/Content/MobileResources/HUD/MobileHUDButton2_off.uasset" 364
"../../../Engine/Content/MobileResources/HUD/MobileHUDButton2_off.uexp" 365
"../../../Engine/Content/MobileResources/HUD/MobileHUDButton2_on.uasset" 366
"../../../Engine/Content/MobileResources/HUD/MobileHUDButton2_on.uexp" 367
"../../../Engine/Content/MobileResources/HUD/MobileHUDButton3.uasset" 368
"../../../Engine/Content/MobileResources/HUD/MobileHUDButton3.uexp" 369
"../../../Engine/Content/MobileResources/HUD/MobileHUDButtonFire.uasset" 370
"../../../Engine/Content/MobileResources/HUD/MobileHUDButtonFire.uexp" 371
"../../../Engine/Content/MobileResources/HUD/MobileHUDDirectionPad.uasset" 372
"../../../Engine/Content/MobileResources/HUD/MobileHUDDirectionPad.uexp" 373
"../../../Engine/Content/MobileResources/HUD/MobileHUDDirectionPad2.uasset" 374
"../../../Engine/Content/MobileResources/HUD/MobileHUDDirectionPad2.uexp" 375
"../../../Engine/Content/MobileResources/HUD/MobileHUDDirectionPad3.uasset" 376
"../../../Engine/Content/MobileResources/HUD/MobileHUDDirectionPad3.uexp" 377
"../../../Engine/Content/MobileResources/HUD/MobileHUDDirectionStick.uasset" 378
"../../../Engine/Content/MobileResources/HUD/MobileHUDDirectionStick.uexp" 379
"../../../Engine/Content/MobileResources/HUD/T_Castle_ThumbstickInner.uasset" 380
"../../../Engine/Content/MobileResources/HUD/T_Castle_ThumbstickInner.uexp" 381
"../../../Engine/Content/MobileResources/HUD/T_Castle_ThumbstickOutter.uasset" 382
"../../../Engine/Content/MobileResources/HUD/T_Castle_ThumbstickOutter.uexp" 383
"../../../Engine/Content/Tutorial/ContentIntroCurve.uasset" 384
"../../../Engine/Content/Tutorial/ContentIntroCurve.uexp" 385
"../../../Engine/Content/Tutorial/Basics/TutorialAssets/icon_tab_Levels_40x.uasset" 386
"../../../Engine/Content/Tutorial/Basics/TutorialAssets/icon_tab_Levels_40x.uexp" 387
"../../../Engine/Content/VREditor/TransformGizmo/TranslucentTransformGizmoMaterial.uasset" 388
"../../../Engine/Content/VREditor/TransformGizmo/TranslucentTransformGizmoMaterial.uexp" 389
"../../../Engine/Content/VREditor/LaserPointer/VR_LaserPower_01.uasset" 390
"../../../Engine/Content/VREditor/LaserPointer/VR_LaserPower_01.uexp" 391
"../../../Engine/Content/VREditor/LaserPointer/VR_LaserPower_01.ubulk" 392
"../../../Engine/Content/VREditor/TransformGizmo/TransformGizmoMaterial.uasset" 393
"../../../Engine/Content/VREditor/TransformGizmo/TransformGizmoMaterial.uexp" 394
"../../../Engine/Content/VREditor/TransformGizmo/BoundingBoxCorner.uasset" 395
"../../../Engine/Content/VREditor/TransformGizmo/BoundingBoxCorner.uexp" 396
"../../../Engine/Content/VREditor/TransformGizmo/BoundingBoxEdge.uasset" 397
"../../../Engine/Content/VREditor/TransformGizmo/BoundingBoxEdge.uexp" 398
"../../../Engine/Content/VREditor/TransformGizmo/PlaneTranslationHandle.uasset" 399
"../../../Engine/Content/VREditor/TransformGizmo/PlaneTranslationHandle.uexp" 400
"../../../Engine/Content/VREditor/TransformGizmo/Xray.uasset" 401
"../../../Engine/Content/VREditor/TransformGizmo/Xray.uexp" 402
"../../../Engine/Content/VREditor/TransformGizmo/Main.uasset" 403
"../../../Engine/Content/VREditor/TransformGizmo/Main.uexp" 404
"../../../Engine/Content/VREditor/TransformGizmo/SM_Sequencer_Key.uasset" 405
"../../../Engine/Content/VREditor/TransformGizmo/SM_Sequencer_Key.uexp" 406
"../../../Engine/Content/VREditor/TransformGizmo/SM_Sequencer_Node.uasset" 407
"../../../Engine/Content/VREditor/TransformGizmo/SM_Sequencer_Node.uexp" 408
"../../../Engine/Plugins/2D/Paper2D/Content/PlaceholderTextures/DummySpriteTexture.uasset" 409
"../../../Engine/Plugins/2D/Paper2D/Content/PlaceholderTextures/DummySpriteTexture.uexp" 410
"../../../Engine/Plugins/2D/Paper2D/Content/PlaceholderTextures/DummySpriteTexture.ubulk" 411
"../../../Engine/Plugins/2D/Paper2D/Content/DummySprite.uasset" 412
"../../../Engine/Plugins/2D/Paper2D/Content/DummySprite.uexp" 413
"../../../Engine/Plugins/2D/Paper2D/Content/DefaultPaperTerrainMaterial.uasset" 414
"../../../Engine/Plugins/2D/Paper2D/Content/DefaultPaperTerrainMaterial.uexp" 415
"../../../Engine/Plugins/2D/Paper2D/Content/DefaultSpriteMaterial.uasset" 416
"../../../Engine/Plugins/2D/Paper2D/Content/DefaultSpriteMaterial.uexp" 417
"../../../Engine/Plugins/2D/Paper2D/Content/MaskedUnlitSpriteMaterial.uasset" 418
"../../../Engine/Plugins/2D/Paper2D/Content/MaskedUnlitSpriteMaterial.uexp" 419
"../../../Engine/Plugins/2D/Paper2D/Content/OpaqueUnlitSpriteMaterial.uasset" 420
"../../../Engine/Plugins/2D/Paper2D/Content/OpaqueUnlitSpriteMaterial.uexp" 421
"../../../Engine/Content/Functions/Engine_MaterialFunctions02/Utility/BreakOutFloat3Components.uasset" 422
"../../../Engine/Content/Functions/Engine_MaterialFunctions02/Utility/BreakOutFloat3Components.uexp" 423
"../../../Engine/Plugins/Editor/SpeedTreeImporter/Content/SpeedTree9/UnpackInteger3.uasset" 424
"../../../Engine/Plugins/Editor/SpeedTreeImporter/Content/SpeedTree9/UnpackInteger3.uexp" 425
"../../../Engine/Plugins/Editor/SpeedTreeImporter/Content/SpeedTree9/UnpackDirection.uasset" 426
"../../../Engine/Plugins/Editor/SpeedTreeImporter/Content/SpeedTree9/UnpackDirection.uexp" 427
"../../../Engine/Plugins/Editor/SpeedTreeImporter/Content/SpeedTree9/game_wind_noise.uasset" 428
"../../../Engine/Plugins/Editor/SpeedTreeImporter/Content/SpeedTree9/game_wind_noise.uexp" 429
"../../../Engine/Plugins/Editor/SpeedTreeImporter/Content/SpeedTree9/game_wind_noise.ubulk" 430
"../../../Engine/Content/Functions/Engine_MaterialFunctions02/SafeNormalize.uasset" 431
"../../../Engine/Content/Functions/Engine_MaterialFunctions02/SafeNormalize.uexp" 432
"../../../Engine/Plugins/Editor/SpeedTreeImporter/Content/SpeedTree9/SpeedTreeWindMotion.uasset" 433
"../../../Engine/Plugins/Editor/SpeedTreeImporter/Content/SpeedTree9/SpeedTreeWindMotion.uexp" 434
"../../../Engine/Plugins/Editor/SpeedTreeImporter/Content/SpeedTree9/SpeedTreeBranchMotion.uasset" 435
"../../../Engine/Plugins/Editor/SpeedTreeImporter/Content/SpeedTree9/SpeedTreeBranchMotion.uexp" 436
"../../../Engine/Content/Functions/Engine_MaterialFunctions02/ObjectLocalBounds.uasset" 437
"../../../Engine/Content/Functions/Engine_MaterialFunctions02/ObjectLocalBounds.uexp" 438
"../../../Engine/Content/Functions/Engine_MaterialFunctions02/UVs/BoundingBoxBased_0-1_UVW.uasset" 439
"../../../Engine/Content/Functions/Engine_MaterialFunctions02/UVs/BoundingBoxBased_0-1_UVW.uexp" 440
"../../../Engine/Content/Functions/Engine_MaterialFunctions02/Utility/VectorLength.uasset" 441
"../../../Engine/Content/Functions/Engine_MaterialFunctions02/Utility/VectorLength.uexp" 442
"../../../Engine/Content/Functions/Engine_MaterialFunctions02/WorldPositionOffset/ObjectScale.uasset" 443
"../../../Engine/Content/Functions/Engine_MaterialFunctions02/WorldPositionOffset/ObjectScale.uexp" 444
"../../../Engine/Plugins/Editor/SpeedTreeImporter/Content/SpeedTree9/SpeedTreeWind.uasset" 445
"../../../Engine/Plugins/Editor/SpeedTreeImporter/Content/SpeedTree9/SpeedTreeWind.uexp" 446
"../../../Engine/Plugins/Editor/SpeedTreeImporter/Content/SpeedTree9/SpeedTreeBillboard.uasset" 447
"../../../Engine/Plugins/Editor/SpeedTreeImporter/Content/SpeedTree9/SpeedTreeBillboard.uexp" 448
"../../../Engine/Plugins/Editor/SpeedTreeImporter/Content/SpeedTree9/EmptyNormal.uasset" 449
"../../../Engine/Plugins/Editor/SpeedTreeImporter/Content/SpeedTree9/EmptyNormal.uexp" 450
"../../../Engine/Plugins/Editor/SpeedTreeImporter/Content/SpeedTree9/Empty.uasset" 451
"../../../Engine/Plugins/Editor/SpeedTreeImporter/Content/SpeedTree9/Empty.uexp" 452
"../../../Engine/Plugins/Editor/SpeedTreeImporter/Content/SpeedTree9/SpeedTreeBillboardMaster.uasset" 453
"../../../Engine/Plugins/Editor/SpeedTreeImporter/Content/SpeedTree9/SpeedTreeBillboardMaster.uexp" 454
"../../../Engine/Plugins/Editor/SpeedTreeImporter/Content/SpeedTree9/SpeedTreeCameraFacing.uasset" 455
"../../../Engine/Plugins/Editor/SpeedTreeImporter/Content/SpeedTree9/SpeedTreeCameraFacing.uexp" 456
"../../../Engine/Plugins/Editor/SpeedTreeImporter/Content/SpeedTree9/SpeedTreeMaster.uasset" 457
"../../../Engine/Plugins/Editor/SpeedTreeImporter/Content/SpeedTree9/SpeedTreeMaster.uexp" 458
"../../../Engine/Content/BasicShapes/Cylinder.uasset" 459
"../../../Engine/Content/BasicShapes/Cylinder.uexp" 460
"../../../Engine/Content/ArtTools/RenderToTexture/Materials/Debug/M_Emissive_Color.uasset" 461
"../../../Engine/Content/ArtTools/RenderToTexture/Materials/Debug/M_Emissive_Color.uexp" 462
"../../../Engine/Plugins/Runtime/OpenXR/Content/Devices/GoogleDaydream/MRTexture.uasset" 463
"../../../Engine/Plugins/Runtime/OpenXR/Content/Devices/GoogleDaydream/MRTexture.uexp" 464
"../../../Engine/Plugins/Runtime/OpenXR/Content/Devices/GoogleDaydream/MRTexture.ubulk" 465
"../../../Engine/Plugins/Runtime/OpenXR/Content/Devices/GoogleDaydream/BaseTexture.uasset" 466
"../../../Engine/Plugins/Runtime/OpenXR/Content/Devices/GoogleDaydream/BaseTexture.uexp" 467
"../../../Engine/Plugins/Runtime/OpenXR/Content/Devices/GoogleDaydream/BaseTexture.ubulk" 468
"../../../Engine/Content/EngineResources/Black.uasset" 469
"../../../Engine/Content/EngineResources/Black.uexp" 470
"../../../Engine/Plugins/Runtime/OpenXR/Content/Devices/M_XRController.uasset" 471
"../../../Engine/Plugins/Runtime/OpenXR/Content/Devices/M_XRController.uexp" 472
"../../../Engine/Plugins/Runtime/OpenXR/Content/Devices/GoogleDaydream/MI_GoogleDaydream.uasset" 473
"../../../Engine/Plugins/Runtime/OpenXR/Content/Devices/GoogleDaydream/MI_GoogleDaydream.uexp" 474
"../../../Engine/Plugins/Runtime/OpenXR/Content/Devices/GoogleDaydream/GoogleDaydreamController.uasset" 475
"../../../Engine/Plugins/Runtime/OpenXR/Content/Devices/GoogleDaydream/GoogleDaydreamController.uexp" 476
"../../../Engine/Plugins/Runtime/OpenXR/Content/Devices/HTCVive/BaseTexture.uasset" 477
"../../../Engine/Plugins/Runtime/OpenXR/Content/Devices/HTCVive/BaseTexture.uexp" 478
"../../../Engine/Plugins/Runtime/OpenXR/Content/Devices/HTCVive/BaseTexture.ubulk" 479
"../../../Engine/Plugins/Runtime/OpenXR/Content/Devices/HTCVive/MI_HTCVive.uasset" 480
"../../../Engine/Plugins/Runtime/OpenXR/Content/Devices/HTCVive/MI_HTCVive.uexp" 481
"../../../Engine/Plugins/Runtime/OpenXR/Content/Devices/HTCVive/HTCViveController.uasset" 482
"../../../Engine/Plugins/Runtime/OpenXR/Content/Devices/HTCVive/HTCViveController.uexp" 483
"../../../Engine/Plugins/Runtime/OpenXR/Content/Devices/MicrosoftMixedReality/NormalTexture.uasset" 484
"../../../Engine/Plugins/Runtime/OpenXR/Content/Devices/MicrosoftMixedReality/NormalTexture.uexp" 485
"../../../Engine/Plugins/Runtime/OpenXR/Content/Devices/MicrosoftMixedReality/NormalTexture.ubulk" 486
"../../../Engine/Plugins/Runtime/OpenXR/Content/Devices/MicrosoftMixedReality/MRTexture.uasset" 487
"../../../Engine/Plugins/Runtime/OpenXR/Content/Devices/MicrosoftMixedReality/MRTexture.uexp" 488
"../../../Engine/Plugins/Runtime/OpenXR/Content/Devices/MicrosoftMixedReality/MRTexture.ubulk" 489
"../../../Engine/Plugins/Runtime/OpenXR/Content/Devices/MicrosoftMixedReality/EmissiveTexture.uasset" 490
"../../../Engine/Plugins/Runtime/OpenXR/Content/Devices/MicrosoftMixedReality/EmissiveTexture.uexp" 491
"../../../Engine/Plugins/Runtime/OpenXR/Content/Devices/MicrosoftMixedReality/EmissiveTexture.ubulk" 492
"../../../Engine/Plugins/Runtime/OpenXR/Content/Devices/MicrosoftMixedReality/BaseTexture.uasset" 493
"../../../Engine/Plugins/Runtime/OpenXR/Content/Devices/MicrosoftMixedReality/BaseTexture.uexp" 494
"../../../Engine/Plugins/Runtime/OpenXR/Content/Devices/MicrosoftMixedReality/BaseTexture.ubulk" 495
"../../../Engine/Plugins/Runtime/OpenXR/Content/Devices/MicrosoftMixedReality/MI_MicrosoftMixedReality.uasset" 496
"../../../Engine/Plugins/Runtime/OpenXR/Content/Devices/MicrosoftMixedReality/MI_MicrosoftMixedReality.uexp" 497
"../../../Engine/Plugins/Runtime/OpenXR/Content/Devices/MicrosoftMixedReality/Left/left_MicrosoftMixedRealityController.uasset" 498
"../../../Engine/Plugins/Runtime/OpenXR/Content/Devices/MicrosoftMixedReality/Left/left_MicrosoftMixedRealityController.uexp" 499
"../../../Engine/Plugins/Runtime/OpenXR/Content/Devices/MicrosoftMixedReality/Right/right_MicrosoftMixedRealityController.uasset" 500
"../../../Engine/Plugins/Runtime/OpenXR/Content/Devices/MicrosoftMixedReality/Right/right_MicrosoftMixedRealityController.uexp" 501
"../../../Engine/Plugins/Runtime/OpenXR/Content/Devices/OculusGo/BaseTexture.uasset" 502
"../../../Engine/Plugins/Runtime/OpenXR/Content/Devices/OculusGo/BaseTexture.uexp" 503
"../../../Engine/Plugins/Runtime/OpenXR/Content/Devices/OculusGo/BaseTexture.ubulk" 504
"../../../Engine/Plugins/Runtime/OpenXR/Content/Devices/OculusGo/MI_OculusGo.uasset" 505
"../../../Engine/Plugins/Runtime/OpenXR/Content/Devices/OculusGo/MI_OculusGo.uexp" 506
"../../../Engine/Plugins/Runtime/OpenXR/Content/Devices/OculusGo/OculusGoController.uasset" 507
"../../../Engine/Plugins/Runtime/OpenXR/Content/Devices/OculusGo/OculusGoController.uexp" 508
"../../../Engine/Plugins/Runtime/OpenXR/Content/Devices/OculusTouch/MRTexture.uasset" 509
"../../../Engine/Plugins/Runtime/OpenXR/Content/Devices/OculusTouch/MRTexture.uexp" 510
"../../../Engine/Plugins/Runtime/OpenXR/Content/Devices/OculusTouch/MRTexture.ubulk" 511
"../../../Engine/Plugins/Runtime/OpenXR/Content/Devices/OculusTouch/BaseTexture.uasset" 512
"../../../Engine/Plugins/Runtime/OpenXR/Content/Devices/OculusTouch/BaseTexture.uexp" 513
"../../../Engine/Plugins/Runtime/OpenXR/Content/Devices/OculusTouch/BaseTexture.ubulk" 514
"../../../Engine/Plugins/Runtime/OpenXR/Content/Devices/OculusTouch/MI_OculusTouch.uasset" 515
"../../../Engine/Plugins/Runtime/OpenXR/Content/Devices/OculusTouch/MI_OculusTouch.uexp" 516
"../../../Engine/Plugins/Runtime/OpenXR/Content/Devices/OculusTouch/Left/left_OculusTouchController.uasset" 517
"../../../Engine/Plugins/Runtime/OpenXR/Content/Devices/OculusTouch/Left/left_OculusTouchController.uexp" 518
"../../../Engine/Plugins/Runtime/OpenXR/Content/Devices/OculusTouch/Right/right_OculusTouchController.uasset" 519
"../../../Engine/Plugins/Runtime/OpenXR/Content/Devices/OculusTouch/Right/right_OculusTouchController.uexp" 520
"../../../Engine/Plugins/Runtime/OpenXR/Content/Devices/OculusTouch_v2/MRTexture.uasset" 521
"../../../Engine/Plugins/Runtime/OpenXR/Content/Devices/OculusTouch_v2/MRTexture.uexp" 522
"../../../Engine/Plugins/Runtime/OpenXR/Content/Devices/OculusTouch_v2/MRTexture.ubulk" 523
"../../../Engine/Plugins/Runtime/OpenXR/Content/Devices/OculusTouch_v2/BaseTexture.uasset" 524
"../../../Engine/Plugins/Runtime/OpenXR/Content/Devices/OculusTouch_v2/BaseTexture.uexp" 525
"../../../Engine/Plugins/Runtime/OpenXR/Content/Devices/OculusTouch_v2/BaseTexture.ubulk" 526
"../../../Engine/Plugins/Runtime/OpenXR/Content/Devices/OculusTouch_v2/MI_OculusTouch_v2.uasset" 527
"../../../Engine/Plugins/Runtime/OpenXR/Content/Devices/OculusTouch_v2/MI_OculusTouch_v2.uexp" 528
"../../../Engine/Plugins/Runtime/OpenXR/Content/Devices/OculusTouch_v2/Left/left_OculusTouch_v2Controller.uasset" 529
"../../../Engine/Plugins/Runtime/OpenXR/Content/Devices/OculusTouch_v2/Left/left_OculusTouch_v2Controller.uexp" 530
"../../../Engine/Plugins/Runtime/OpenXR/Content/Devices/OculusTouch_v2/Right/right_OculusTouch_v2Controller.uasset" 531
"../../../Engine/Plugins/Runtime/OpenXR/Content/Devices/OculusTouch_v2/Right/right_OculusTouch_v2Controller.uexp" 532
"../../../Engine/Plugins/Runtime/OpenXR/Content/Devices/OculusTouch_v3/MRTexture.uasset" 533
"../../../Engine/Plugins/Runtime/OpenXR/Content/Devices/OculusTouch_v3/MRTexture.uexp" 534
"../../../Engine/Plugins/Runtime/OpenXR/Content/Devices/OculusTouch_v3/MRTexture.ubulk" 535
"../../../Engine/Plugins/Runtime/OpenXR/Content/Devices/OculusTouch_v3/BaseTexture.uasset" 536
"../../../Engine/Plugins/Runtime/OpenXR/Content/Devices/OculusTouch_v3/BaseTexture.uexp" 537
"../../../Engine/Plugins/Runtime/OpenXR/Content/Devices/OculusTouch_v3/BaseTexture.ubulk" 538
"../../../Engine/Plugins/Runtime/OpenXR/Content/Devices/OculusTouch_v3/MI_OculusTouch_v3.uasset" 539
"../../../Engine/Plugins/Runtime/OpenXR/Content/Devices/OculusTouch_v3/MI_OculusTouch_v3.uexp" 540
"../../../Engine/Plugins/Runtime/OpenXR/Content/Devices/OculusTouch_v3/Left/left_OculusTouch_v3Controller.uasset" 541
"../../../Engine/Plugins/Runtime/OpenXR/Content/Devices/OculusTouch_v3/Left/left_OculusTouch_v3Controller.uexp" 542
"../../../Engine/Plugins/Runtime/OpenXR/Content/Devices/OculusTouch_v3/Right/right_OculusTouch_v3Controller.uasset" 543
"../../../Engine/Plugins/Runtime/OpenXR/Content/Devices/OculusTouch_v3/Right/right_OculusTouch_v3Controller.uexp" 544
"../../../Engine/Plugins/Runtime/OpenXR/Content/Devices/ValveIndex/MRTexture.uasset" 545
"../../../Engine/Plugins/Runtime/OpenXR/Content/Devices/ValveIndex/MRTexture.uexp" 546
"../../../Engine/Plugins/Runtime/OpenXR/Content/Devices/ValveIndex/MRTexture.ubulk" 547
"../../../Engine/Plugins/Runtime/OpenXR/Content/Devices/ValveIndex/BaseTexture.uasset" 548
"../../../Engine/Plugins/Runtime/OpenXR/Content/Devices/ValveIndex/BaseTexture.uexp" 549
"../../../Engine/Plugins/Runtime/OpenXR/Content/Devices/ValveIndex/BaseTexture.ubulk" 550
"../../../Engine/Plugins/Runtime/OpenXR/Content/Devices/ValveIndex/Left/MI_left_ValveIndex.uasset" 551
"../../../Engine/Plugins/Runtime/OpenXR/Content/Devices/ValveIndex/Left/MI_left_ValveIndex.uexp" 552
"../../../Engine/Plugins/Runtime/OpenXR/Content/Devices/ValveIndex/Left/left_ValveIndexController.uasset" 553
"../../../Engine/Plugins/Runtime/OpenXR/Content/Devices/ValveIndex/Left/left_ValveIndexController.uexp" 554
"../../../Engine/Plugins/Runtime/OpenXR/Content/Devices/ValveIndex/Right/MI_right_ValveIndex.uasset" 555
"../../../Engine/Plugins/Runtime/OpenXR/Content/Devices/ValveIndex/Right/MI_right_ValveIndex.uexp" 556
"../../../Engine/Plugins/Runtime/OpenXR/Content/Devices/ValveIndex/Right/right_ValveIndexController.uasset" 557
"../../../Engine/Plugins/Runtime/OpenXR/Content/Devices/ValveIndex/Right/right_ValveIndexController.uexp" 558
"../../../Engine/Content/Functions/Engine_MaterialFunctions02/Utility/BreakOutFloat4Components.uasset" 559
"../../../Engine/Content/Functions/Engine_MaterialFunctions02/Utility/BreakOutFloat4Components.uexp" 560
"../../../Engine/Content/Functions/Engine_MaterialFunctions02/Utility/MakeFloat3.uasset" 561
"../../../Engine/Content/Functions/Engine_MaterialFunctions02/Utility/MakeFloat3.uexp" 562
"../../../Engine/Plugins/Runtime/Oculus/OculusVR/Content/Materials/OculusMR_ChromaKey.uasset" 563
"../../../Engine/Plugins/Runtime/Oculus/OculusVR/Content/Materials/OculusMR_ChromaKey.uexp" 564
"../../../Engine/Plugins/Runtime/Oculus/OculusVR/Content/Materials/OculusMR_OpaqueColoredMaterial.uasset" 565
"../../../Engine/Plugins/Runtime/Oculus/OculusVR/Content/Materials/OculusMR_OpaqueColoredMaterial.uexp" 566
"../../../Engine/Plugins/Runtime/Oculus/OculusVR/Content/Materials/PokeAHoleMaterial.uasset" 567
"../../../Engine/Plugins/Runtime/Oculus/OculusVR/Content/Materials/PokeAHoleMaterial.uexp" 568
"../../../Engine/Plugins/Runtime/Oculus/OculusVR/Content/Textures/touchController_controlmap.uasset" 569
"../../../Engine/Plugins/Runtime/Oculus/OculusVR/Content/Textures/touchController_controlmap.uexp" 570
"../../../Engine/Plugins/Runtime/Oculus/OculusVR/Content/Textures/touchController_controlmap.ubulk" 571
"../../../Engine/Plugins/Runtime/Oculus/OculusVR/Content/Textures/touchController_albedo.uasset" 572
"../../../Engine/Plugins/Runtime/Oculus/OculusVR/Content/Textures/touchController_albedo.uexp" 573
"../../../Engine/Plugins/Runtime/Oculus/OculusVR/Content/Textures/touchController_albedo.ubulk" 574
"../../../Engine/Plugins/Runtime/Oculus/OculusVR/Content/Materials/touchController_mat.uasset" 575
"../../../Engine/Plugins/Runtime/Oculus/OculusVR/Content/Materials/touchController_mat.uexp" 576
"../../../Engine/Plugins/Runtime/Oculus/OculusVR/Content/Meshes/LeftTouchController.uasset" 577
"../../../Engine/Plugins/Runtime/Oculus/OculusVR/Content/Meshes/LeftTouchController.uexp" 578
"../../../Engine/Plugins/Runtime/Oculus/OculusVR/Content/Textures/TouchForQuestRiftSController_albedo.uasset" 579
"../../../Engine/Plugins/Runtime/Oculus/OculusVR/Content/Textures/TouchForQuestRiftSController_albedo.uexp" 580
"../../../Engine/Plugins/Runtime/Oculus/OculusVR/Content/Textures/TouchForQuestRiftSController_albedo.ubulk" 581
"../../../Engine/Plugins/Runtime/Oculus/OculusVR/Content/Materials/TouchForQuestRiftSControllerMaterial.uasset" 582
"../../../Engine/Plugins/Runtime/Oculus/OculusVR/Content/Materials/TouchForQuestRiftSControllerMaterial.uexp" 583
"../../../Engine/Plugins/Runtime/Oculus/OculusVR/Content/Meshes/LeftTouchForQuestRiftSController.uasset" 584
"../../../Engine/Plugins/Runtime/Oculus/OculusVR/Content/Meshes/LeftTouchForQuestRiftSController.uexp" 585
"../../../Engine/Plugins/Runtime/Oculus/OculusVR/Content/Meshes/RiftHMD.uasset" 586
"../../../Engine/Plugins/Runtime/Oculus/OculusVR/Content/Meshes/RiftHMD.uexp" 587
"../../../Engine/Plugins/Runtime/Oculus/OculusVR/Content/Meshes/RightTouchController.uasset" 588
"../../../Engine/Plugins/Runtime/Oculus/OculusVR/Content/Meshes/RightTouchController.uexp" 589
"../../../Engine/Plugins/Runtime/Oculus/OculusVR/Content/Meshes/RightTouchForQuestRiftSController.uasset" 590
"../../../Engine/Plugins/Runtime/Oculus/OculusVR/Content/Meshes/RightTouchForQuestRiftSController.uexp" 591
"D:/WorkSpace/BatteryCollector/Content/DemoRoom/Textures/T_RoomTiles_N.uasset" 592
"D:/WorkSpace/BatteryCollector/Content/DemoRoom/Textures/T_RoomTiles_N.uexp" 593
"D:/WorkSpace/BatteryCollector/Content/DemoRoom/Textures/T_RoomTiles_N.ubulk" 594
"D:/WorkSpace/BatteryCollector/Content/DemoRoom/Textures/T_RoomTiles_M.uasset" 595
"D:/WorkSpace/BatteryCollector/Content/DemoRoom/Textures/T_RoomTiles_M.uexp" 596
"D:/WorkSpace/BatteryCollector/Content/DemoRoom/Textures/T_RoomTiles_M.ubulk" 597
"D:/WorkSpace/BatteryCollector/Content/DemoRoom/Materials/M_DemoRoomTiles.uasset" 598
"D:/WorkSpace/BatteryCollector/Content/DemoRoom/Materials/M_DemoRoomTiles.uexp" 599
"D:/WorkSpace/BatteryCollector/Content/ExampleContent/Audio/Physical_Materials/Concrete.uasset" 600
"D:/WorkSpace/BatteryCollector/Content/ExampleContent/Audio/Physical_Materials/Concrete.uexp" 601
"D:/WorkSpace/BatteryCollector/Content/DemoRoom/Materials/M_DemoRoomTiles_Inst.uasset" 602
"D:/WorkSpace/BatteryCollector/Content/DemoRoom/Materials/M_DemoRoomTiles_Inst.uexp" 603
"D:/WorkSpace/BatteryCollector/Content/DemoRoom/Meshes/SM_DemoRoomL.uasset" 604
"D:/WorkSpace/BatteryCollector/Content/DemoRoom/Meshes/SM_DemoRoomL.uexp" 605
"../../../Engine/Content/EngineSky/T_Sky_Stars.uasset" 606
"../../../Engine/Content/EngineSky/T_Sky_Stars.uexp" 607
"../../../Engine/Content/EngineSky/T_Sky_Stars.ubulk" 608
"../../../Engine/Content/EngineSky/T_Sky_Clouds_M.uasset" 609
"../../../Engine/Content/EngineSky/T_Sky_Clouds_M.uexp" 610
"../../../Engine/Content/EngineSky/T_Sky_Clouds_M.ubulk" 611
"../../../Engine/Content/EngineSky/T_Sky_Blue.uasset" 612
"../../../Engine/Content/EngineSky/T_Sky_Blue.uexp" 613
"../../../Engine/Content/EngineSky/T_Sky_Blue.ubulk" 614
"D:/WorkSpace/BatteryCollector/Content/DemoRoom/Textures/T_UnrealEngineDecal.uasset" 615
"D:/WorkSpace/BatteryCollector/Content/DemoRoom/Textures/T_UnrealEngineDecal.uexp" 616
"D:/WorkSpace/BatteryCollector/Content/DemoRoom/Materials/M_Glass.uasset" 617
"D:/WorkSpace/BatteryCollector/Content/DemoRoom/Materials/M_Glass.uexp" 618
"D:/WorkSpace/BatteryCollector/Content/DemoRoom/Materials/M_Glass_Inst.uasset" 619
"D:/WorkSpace/BatteryCollector/Content/DemoRoom/Materials/M_Glass_Inst.uexp" 620
"../../../Engine/Content/EngineSky/M_Sky_Panning_Clouds2.uasset" 621
"../../../Engine/Content/EngineSky/M_Sky_Panning_Clouds2.uexp" 622
"D:/WorkSpace/BatteryCollector/Content/Maps/CollectionMap_BuiltData.uasset" 623
"D:/WorkSpace/BatteryCollector/Content/Maps/CollectionMap_BuiltData.uexp" 624
"D:/WorkSpace/BatteryCollector/Content/Maps/CollectionMap_BuiltData.ubulk" 625
"D:/WorkSpace/BatteryCollector/Content/DemoRoom/Textures/T_Pattern_M.uasset" 626
"D:/WorkSpace/BatteryCollector/Content/DemoRoom/Textures/T_Pattern_M.uexp" 627
"D:/WorkSpace/BatteryCollector/Content/DemoRoom/Textures/T_Pattern_M.ubulk" 628
"D:/WorkSpace/BatteryCollector/Content/DemoRoom/Materials/M_DemoWallPattern.uasset" 629
"D:/WorkSpace/BatteryCollector/Content/DemoRoom/Materials/M_DemoWallPattern.uexp" 630
"D:/WorkSpace/BatteryCollector/Content/ExampleContent/Audio/Physical_Materials/Metal.uasset" 631
"D:/WorkSpace/BatteryCollector/Content/ExampleContent/Audio/Physical_Materials/Metal.uexp" 632
"D:/WorkSpace/BatteryCollector/Content/DemoRoom/Materials/M_DemoWallPattern_Inst.uasset" 633
"D:/WorkSpace/BatteryCollector/Content/DemoRoom/Materials/M_DemoWallPattern_Inst.uexp" 634
"D:/WorkSpace/BatteryCollector/Content/DemoRoom/Materials/M_DemoWall.uasset" 635
"D:/WorkSpace/BatteryCollector/Content/DemoRoom/Materials/M_DemoWall.uexp" 636
"D:/WorkSpace/BatteryCollector/Content/ExampleContent/Audio/Physical_Materials/Rubber.uasset" 637
"D:/WorkSpace/BatteryCollector/Content/ExampleContent/Audio/Physical_Materials/Rubber.uexp" 638
"D:/WorkSpace/BatteryCollector/Content/DemoRoom/Materials/M_DemoWall_Inst.uasset" 639
"D:/WorkSpace/BatteryCollector/Content/DemoRoom/Materials/M_DemoWall_Inst.uexp" 640
"D:/WorkSpace/BatteryCollector/Content/DemoRoom/Materials/M_DemoWall_Inst_3.uasset" 641
"D:/WorkSpace/BatteryCollector/Content/DemoRoom/Materials/M_DemoWall_Inst_3.uexp" 642
"D:/WorkSpace/BatteryCollector/Content/DemoRoom/Meshes/SM_DemoDivider_1.uasset" 643
"D:/WorkSpace/BatteryCollector/Content/DemoRoom/Meshes/SM_DemoDivider_1.uexp" 644
"D:/WorkSpace/BatteryCollector/Content/DemoRoom/BluePrint/BP_DemoRoom_Enum.uasset" 645
"D:/WorkSpace/BatteryCollector/Content/DemoRoom/BluePrint/BP_DemoRoom_Enum.uexp" 646
"D:/WorkSpace/BatteryCollector/Content/DemoRoom/Materials/M_DemoWallPattern_NoText.uasset" 647
"D:/WorkSpace/BatteryCollector/Content/DemoRoom/Materials/M_DemoWallPattern_NoText.uexp" 648
"D:/WorkSpace/BatteryCollector/Content/DemoRoom/Materials/M_DemoWallPattern_Inst_Mirrored.uasset" 649
"D:/WorkSpace/BatteryCollector/Content/DemoRoom/Materials/M_DemoWallPattern_Inst_Mirrored.uexp" 650
"D:/WorkSpace/BatteryCollector/Content/DemoRoom/Materials/DefaultTextMaterialTranslucentUnlit.uasset" 651
"D:/WorkSpace/BatteryCollector/Content/DemoRoom/Materials/DefaultTextMaterialTranslucentUnlit.uexp" 652
"D:/WorkSpace/BatteryCollector/Content/DemoRoom/BluePrint/DemoRoomStruct.uasset" 653
"D:/WorkSpace/BatteryCollector/Content/DemoRoom/BluePrint/DemoRoomStruct.uexp" 654
"../../../Engine/Content/EditorBlueprintResources/StandardMacros.uasset" 655
"../../../Engine/Content/EditorBlueprintResources/StandardMacros.uexp" 656
"D:/WorkSpace/BatteryCollector/Content/DemoRoom/Meshes/SM_DemoRoomBackWall.uasset" 657
"D:/WorkSpace/BatteryCollector/Content/DemoRoom/Meshes/SM_DemoRoomBackWall.uexp" 658
"D:/WorkSpace/BatteryCollector/Content/DemoRoom/Materials/M_DemoWall_MattPlastic.uasset" 659
"D:/WorkSpace/BatteryCollector/Content/DemoRoom/Materials/M_DemoWall_MattPlastic.uexp" 660
"D:/WorkSpace/BatteryCollector/Content/DemoRoom/Meshes/SM_DemoRoomBackWall2.uasset" 661
"D:/WorkSpace/BatteryCollector/Content/DemoRoom/Meshes/SM_DemoRoomBackWall2.uexp" 662
"D:/WorkSpace/BatteryCollector/Content/DemoRoom/Materials/M_DemoWall_Inst2.uasset" 663
"D:/WorkSpace/BatteryCollector/Content/DemoRoom/Materials/M_DemoWall_Inst2.uexp" 664
"D:/WorkSpace/BatteryCollector/Content/DemoRoom/Materials/M_LightTube.uasset" 665
"D:/WorkSpace/BatteryCollector/Content/DemoRoom/Materials/M_LightTube.uexp" 666
"D:/WorkSpace/BatteryCollector/Content/DemoRoom/Materials/M_LightTube_Inst.uasset" 667
"D:/WorkSpace/BatteryCollector/Content/DemoRoom/Materials/M_LightTube_Inst.uexp" 668
"D:/WorkSpace/BatteryCollector/Content/DemoRoom/Meshes/SM_DemoRoomClamp.uasset" 669
"D:/WorkSpace/BatteryCollector/Content/DemoRoom/Meshes/SM_DemoRoomClamp.uexp" 670
"D:/WorkSpace/BatteryCollector/Content/DemoRoom/Meshes/SM_DemoRoomLTrim.uasset" 671
"D:/WorkSpace/BatteryCollector/Content/DemoRoom/Meshes/SM_DemoRoomLTrim.uexp" 672
"D:/WorkSpace/BatteryCollector/Content/DemoRoom/Meshes/SM_DemoRoomClamp2.uasset" 673
"D:/WorkSpace/BatteryCollector/Content/DemoRoom/Meshes/SM_DemoRoomClamp2.uexp" 674
"D:/WorkSpace/BatteryCollector/Content/DemoRoom/Meshes/SM_DemoRoomTrim2.uasset" 675
"D:/WorkSpace/BatteryCollector/Content/DemoRoom/Meshes/SM_DemoRoomTrim2.uexp" 676
"D:/WorkSpace/BatteryCollector/Content/DemoRoom/Materials/M_DemoWall_Inst_NamePlate.uasset" 677
"D:/WorkSpace/BatteryCollector/Content/DemoRoom/Materials/M_DemoWall_Inst_NamePlate.uexp" 678
"D:/WorkSpace/BatteryCollector/Content/DemoRoom/Meshes/SM_DemoRoomTrimAdd.uasset" 679
"D:/WorkSpace/BatteryCollector/Content/DemoRoom/Meshes/SM_DemoRoomTrimAdd.uexp" 680
"D:/WorkSpace/BatteryCollector/Content/DemoRoom/Meshes/SM_DemoRoomU.uasset" 681
"D:/WorkSpace/BatteryCollector/Content/DemoRoom/Meshes/SM_DemoRoomU.uexp" 682
"D:/WorkSpace/BatteryCollector/Content/DemoRoom/Meshes/SM_DemoRoomU2.uasset" 683
"D:/WorkSpace/BatteryCollector/Content/DemoRoom/Meshes/SM_DemoRoomU2.uexp" 684
"D:/WorkSpace/BatteryCollector/Content/DemoRoom/Materials/M_DemoWall_Inst_BaseFloor_Inst.uasset" 685
"D:/WorkSpace/BatteryCollector/Content/DemoRoom/Materials/M_DemoWall_Inst_BaseFloor_Inst.uexp" 686
"D:/WorkSpace/BatteryCollector/Content/DemoRoom/Meshes/SM_DemoRoomU_Hole.uasset" 687
"D:/WorkSpace/BatteryCollector/Content/DemoRoom/Meshes/SM_DemoRoomU_Hole.uexp" 688
"D:/WorkSpace/BatteryCollector/Content/DemoRoom/Meshes/SM_URoom_Wall2.uasset" 689
"D:/WorkSpace/BatteryCollector/Content/DemoRoom/Meshes/SM_URoom_Wall2.uexp" 690
"D:/WorkSpace/BatteryCollector/Content/DemoRoom/Meshes/SM_DemoRoomTrim.uasset" 691
"D:/WorkSpace/BatteryCollector/Content/DemoRoom/Meshes/SM_DemoRoomTrim.uexp" 692
"D:/WorkSpace/BatteryCollector/Content/DemoRoom/Meshes/SM_URoom_Wall.uasset" 693
"D:/WorkSpace/BatteryCollector/Content/DemoRoom/Meshes/SM_URoom_Wall.uexp" 694
"D:/WorkSpace/BatteryCollector/Content/DemoRoom/Meshes/SM_DemoDivider_2.uasset" 695
"D:/WorkSpace/BatteryCollector/Content/DemoRoom/Meshes/SM_DemoDivider_2.uexp" 696
"D:/WorkSpace/BatteryCollector/Content/DemoRoom/BluePrint/BP_DemoRoom.uasset" 697
"D:/WorkSpace/BatteryCollector/Content/DemoRoom/BluePrint/BP_DemoRoom.uexp" 698
"D:/WorkSpace/BatteryCollector/Content/ExampleContent/Effects/Materials/M_beam_ramp.uasset" 699
"D:/WorkSpace/BatteryCollector/Content/ExampleContent/Effects/Materials/M_beam_ramp.uexp" 700
"../../../Engine/Content/Functions/Engine_MaterialFunctions01/Gradient/RadialGradient.uasset" 701
"../../../Engine/Content/Functions/Engine_MaterialFunctions01/Gradient/RadialGradient.uexp" 702
"D:/WorkSpace/BatteryCollector/Content/ExampleContent/Effects/Materials/M_radial_ramp.uasset" 703
"D:/WorkSpace/BatteryCollector/Content/ExampleContent/Effects/Materials/M_radial_ramp.uexp" 704
"D:/WorkSpace/BatteryCollector/Content/ExampleContent/Effects/ParticleSystems/P_electricity_arc.uasset" 705
"D:/WorkSpace/BatteryCollector/Content/ExampleContent/Effects/ParticleSystems/P_electricity_arc.uexp" 706
"D:/WorkSpace/BatteryCollector/Content/ExampleContent/Blueprint_Communication/Textures/T_Battery_M.uasset" 707
"D:/WorkSpace/BatteryCollector/Content/ExampleContent/Blueprint_Communication/Textures/T_Battery_M.uexp" 708
"D:/WorkSpace/BatteryCollector/Content/ExampleContent/Blueprint_Communication/Textures/T_Battery_M.ubulk" 709
"D:/WorkSpace/BatteryCollector/Content/ExampleContent/Blueprint_Communication/Materials/M_Battery.uasset" 710
"D:/WorkSpace/BatteryCollector/Content/ExampleContent/Blueprint_Communication/Materials/M_Battery.uexp" 711
"D:/WorkSpace/BatteryCollector/Content/ExampleContent/Blueprint_Communication/Meshes/SM_Battery_Medium.uasset" 712
"D:/WorkSpace/BatteryCollector/Content/ExampleContent/Blueprint_Communication/Meshes/SM_Battery_Medium.uexp" 713
"D:/WorkSpace/BatteryCollector/Content/Blueprints/BatteryPickup_BP.uasset" 714
"D:/WorkSpace/BatteryCollector/Content/Blueprints/BatteryPickup_BP.uexp" 715
"../../../Engine/Content/EngineSky/SM_SkySphere.uasset" 716
"../../../Engine/Content/EngineSky/SM_SkySphere.uexp" 717
"../../../Engine/Content/EngineSky/C_Sky_Zenith_Color.uasset" 718
"../../../Engine/Content/EngineSky/C_Sky_Zenith_Color.uexp" 719
"../../../Engine/Content/EngineSky/C_Sky_Horizon_Color.uasset" 720
"../../../Engine/Content/EngineSky/C_Sky_Horizon_Color.uexp" 721
"../../../Engine/Content/EngineSky/C_Sky_Cloud_Color.uasset" 722
"../../../Engine/Content/EngineSky/C_Sky_Cloud_Color.uexp" 723
"../../../Engine/Content/EngineSky/BP_Sky_Sphere.uasset" 724
"../../../Engine/Content/EngineSky/BP_Sky_Sphere.uexp" 725
"D:/WorkSpace/BatteryCollector/Content/Maps/CollectionMap.uexp" 726
"D:/WorkSpace/BatteryCollector/Content/Maps/CollectionMap.umap" 727
"D:/WorkSpace/BatteryCollector/Content/ThirdPersonCPP/Maps/ThirdPersonExampleMap_BuiltData.uasset" 728
"D:/WorkSpace/BatteryCollector/Content/ThirdPersonCPP/Maps/ThirdPersonExampleMap_BuiltData.uexp" 729
"D:/WorkSpace/BatteryCollector/Content/ThirdPersonCPP/Maps/ThirdPersonExampleMap_BuiltData.ubulk" 730
"D:/WorkSpace/BatteryCollector/Content/Mannequin/Character/Mesh/SK_Mannequin_PhysicsAsset.uasset" 731
"D:/WorkSpace/BatteryCollector/Content/Mannequin/Character/Mesh/SK_Mannequin_PhysicsAsset.uexp" 732
"D:/WorkSpace/BatteryCollector/Content/Mannequin/Character/Mesh/SK_Mannequin.uasset" 733
"D:/WorkSpace/BatteryCollector/Content/Mannequin/Character/Mesh/SK_Mannequin.uexp" 734
"D:/WorkSpace/BatteryCollector/Content/Mannequin/Animations/ThirdPersonWalk.uasset" 735
"D:/WorkSpace/BatteryCollector/Content/Mannequin/Animations/ThirdPersonWalk.uexp" 736
"D:/WorkSpace/BatteryCollector/Content/Mannequin/Animations/ThirdPersonRun.uasset" 737
"D:/WorkSpace/BatteryCollector/Content/Mannequin/Animations/ThirdPersonRun.uexp" 738
"D:/WorkSpace/BatteryCollector/Content/Mannequin/Animations/ThirdPersonIdle.uasset" 739
"D:/WorkSpace/BatteryCollector/Content/Mannequin/Animations/ThirdPersonIdle.uexp" 740
"D:/WorkSpace/BatteryCollector/Content/Mannequin/Animations/ThirdPerson_IdleRun_2D.uasset" 741
"D:/WorkSpace/BatteryCollector/Content/Mannequin/Animations/ThirdPerson_IdleRun_2D.uexp" 742
"D:/WorkSpace/BatteryCollector/Content/Mannequin/Animations/ThirdPerson_Jump.uasset" 743
"D:/WorkSpace/BatteryCollector/Content/Mannequin/Animations/ThirdPerson_Jump.uexp" 744
"D:/WorkSpace/BatteryCollector/Content/Mannequin/Animations/ThirdPersonJump_Loop.uasset" 745
"D:/WorkSpace/BatteryCollector/Content/Mannequin/Animations/ThirdPersonJump_Loop.uexp" 746
"D:/WorkSpace/BatteryCollector/Content/Mannequin/Animations/ThirdPersonJump_Start.uasset" 747
"D:/WorkSpace/BatteryCollector/Content/Mannequin/Animations/ThirdPersonJump_Start.uexp" 748
"D:/WorkSpace/BatteryCollector/Content/Mannequin/Animations/ThirdPerson_AnimBP.uasset" 749
"D:/WorkSpace/BatteryCollector/Content/Mannequin/Animations/ThirdPerson_AnimBP.uexp" 750
"D:/WorkSpace/BatteryCollector/Content/ThirdPersonCPP/Blueprints/ThirdPersonCharacter.uasset" 751
"D:/WorkSpace/BatteryCollector/Content/ThirdPersonCPP/Blueprints/ThirdPersonCharacter.uexp" 752
"D:/WorkSpace/BatteryCollector/Content/ThirdPerson/Meshes/RampMaterial.uasset" 753
"D:/WorkSpace/BatteryCollector/Content/ThirdPerson/Meshes/RampMaterial.uexp" 754
"D:/WorkSpace/BatteryCollector/Content/ThirdPerson/Meshes/RightArm_StaticMesh.uasset" 755
"D:/WorkSpace/BatteryCollector/Content/ThirdPerson/Meshes/RightArm_StaticMesh.uexp" 756
"D:/WorkSpace/BatteryCollector/Content/ThirdPerson/Meshes/Ramp_StaticMesh.uasset" 757
"D:/WorkSpace/BatteryCollector/Content/ThirdPerson/Meshes/Ramp_StaticMesh.uexp" 758
"D:/WorkSpace/BatteryCollector/Content/ThirdPerson/Meshes/Linear_Stair_StaticMesh.uasset" 759
"D:/WorkSpace/BatteryCollector/Content/ThirdPerson/Meshes/Linear_Stair_StaticMesh.uexp" 760
"D:/WorkSpace/BatteryCollector/Content/ThirdPerson/Meshes/LeftArm_StaticMesh.uasset" 761
"D:/WorkSpace/BatteryCollector/Content/ThirdPerson/Meshes/LeftArm_StaticMesh.uexp" 762
"D:/WorkSpace/BatteryCollector/Content/ThirdPerson/Meshes/Bump_StaticMesh.uasset" 763
"D:/WorkSpace/BatteryCollector/Content/ThirdPerson/Meshes/Bump_StaticMesh.uexp" 764
"D:/WorkSpace/BatteryCollector/Content/Geometry/Meshes/1M_Cube_Chamfer.uasset" 765
"D:/WorkSpace/BatteryCollector/Content/Geometry/Meshes/1M_Cube_Chamfer.uexp" 766
"D:/WorkSpace/BatteryCollector/Content/Geometry/Meshes/TemplateFloor.uasset" 767
"D:/WorkSpace/BatteryCollector/Content/Geometry/Meshes/TemplateFloor.uexp" 768
"D:/WorkSpace/BatteryCollector/Content/ThirdPersonCPP/Maps/ThirdPersonExampleMap.uexp" 769
"D:/WorkSpace/BatteryCollector/Content/ThirdPersonCPP/Maps/ThirdPersonExampleMap.umap" 770
"../../../Engine/Content/Maps/Entry_BuiltData.uasset" 771
"../../../Engine/Content/Maps/Entry_BuiltData.uexp" 772
"../../../Engine/Content/Maps/Entry.uexp" 773
"../../../Engine/Content/Maps/Entry.umap" 774
